<?xml version="1.0" encoding="UTF-8"?>
<testsuite xmlns:xsi="http://www.w3.org/2001/XMLSchema-instance" xsi:noNamespaceSchemaLocation="https://maven.apache.org/surefire/maven-surefire-plugin/xsd/surefire-test-report.xsd" name="com.sky.studying.StudyingApplicationTests" time="4.922" tests="1" errors="0" skipped="0" failures="0">
  <properties>
    <property name="sun.desktop" value="windows"/>
    <property name="awt.toolkit" value="sun.awt.windows.WToolkit"/>
    <property name="file.encoding.pkg" value="sun.io"/>
    <property name="java.specification.version" value="1.8"/>
    <property name="sun.cpu.isalist" value="amd64"/>
    <property name="sun.jnu.encoding" value="GBK"/>
    <property name="java.class.path" value="F:\IdeaProjects\skynj\studying\target\test-classes;F:\IdeaProjects\skynj\studying\target\classes;F:\maven\org\springframework\boot\spring-boot-starter-thymeleaf\2.4.0\spring-boot-starter-thymeleaf-2.4.0.jar;F:\maven\org\springframework\boot\spring-boot-starter\2.4.0\spring-boot-starter-2.4.0.jar;F:\maven\org\springframework\boot\spring-boot-starter-logging\2.4.0\spring-boot-starter-logging-2.4.0.jar;F:\maven\ch\qos\logback\logback-classic\1.2.3\logback-classic-1.2.3.jar;F:\maven\ch\qos\logback\logback-core\1.2.3\logback-core-1.2.3.jar;F:\maven\org\apache\logging\log4j\log4j-to-slf4j\2.13.3\log4j-to-slf4j-2.13.3.jar;F:\maven\org\apache\logging\log4j\log4j-api\2.13.3\log4j-api-2.13.3.jar;F:\maven\org\slf4j\jul-to-slf4j\1.7.30\jul-to-slf4j-1.7.30.jar;F:\maven\jakarta\annotation\jakarta.annotation-api\1.3.5\jakarta.annotation-api-1.3.5.jar;F:\maven\org\yaml\snakeyaml\1.27\snakeyaml-1.27.jar;F:\maven\org\thymeleaf\thymeleaf-spring5\3.0.11.RELEASE\thymeleaf-spring5-3.0.11.RELEASE.jar;F:\maven\org\thymeleaf\thymeleaf\3.0.11.RELEASE\thymeleaf-3.0.11.RELEASE.jar;F:\maven\org\attoparser\attoparser\2.0.5.RELEASE\attoparser-2.0.5.RELEASE.jar;F:\maven\org\unbescape\unbescape\1.1.6.RELEASE\unbescape-1.1.6.RELEASE.jar;F:\maven\org\slf4j\slf4j-api\1.7.30\slf4j-api-1.7.30.jar;F:\maven\org\thymeleaf\extras\thymeleaf-extras-java8time\3.0.4.RELEASE\thymeleaf-extras-java8time-3.0.4.RELEASE.jar;F:\maven\org\springframework\boot\spring-boot-starter-web\2.4.0\spring-boot-starter-web-2.4.0.jar;F:\maven\org\springframework\boot\spring-boot-starter-json\2.4.0\spring-boot-starter-json-2.4.0.jar;F:\maven\com\fasterxml\jackson\core\jackson-databind\2.11.3\jackson-databind-2.11.3.jar;F:\maven\com\fasterxml\jackson\core\jackson-annotations\2.11.3\jackson-annotations-2.11.3.jar;F:\maven\com\fasterxml\jackson\core\jackson-core\2.11.3\jackson-core-2.11.3.jar;F:\maven\com\fasterxml\jackson\datatype\jackson-datatype-jdk8\2.11.3\jackson-datatype-jdk8-2.11.3.jar;F:\maven\com\fasterxml\jackson\datatype\jackson-datatype-jsr310\2.11.3\jackson-datatype-jsr310-2.11.3.jar;F:\maven\com\fasterxml\jackson\module\jackson-module-parameter-names\2.11.3\jackson-module-parameter-names-2.11.3.jar;F:\maven\org\springframework\boot\spring-boot-starter-tomcat\2.4.0\spring-boot-starter-tomcat-2.4.0.jar;F:\maven\org\apache\tomcat\embed\tomcat-embed-core\9.0.39\tomcat-embed-core-9.0.39.jar;F:\maven\org\glassfish\jakarta.el\3.0.3\jakarta.el-3.0.3.jar;F:\maven\org\apache\tomcat\embed\tomcat-embed-websocket\9.0.39\tomcat-embed-websocket-9.0.39.jar;F:\maven\org\springframework\spring-web\5.3.1\spring-web-5.3.1.jar;F:\maven\org\springframework\spring-beans\5.3.1\spring-beans-5.3.1.jar;F:\maven\org\springframework\spring-webmvc\5.3.1\spring-webmvc-5.3.1.jar;F:\maven\org\springframework\spring-aop\5.3.1\spring-aop-5.3.1.jar;F:\maven\org\springframework\spring-context\5.3.1\spring-context-5.3.1.jar;F:\maven\org\springframework\spring-expression\5.3.1\spring-expression-5.3.1.jar;F:\maven\org\projectlombok\lombok\1.18.16\lombok-1.18.16.jar;F:\maven\org\apache\shiro\shiro-spring\1.5.3\shiro-spring-1.5.3.jar;F:\maven\org\apache\shiro\shiro-core\1.5.3\shiro-core-1.5.3.jar;F:\maven\org\apache\shiro\shiro-lang\1.5.3\shiro-lang-1.5.3.jar;F:\maven\org\apache\shiro\shiro-cache\1.5.3\shiro-cache-1.5.3.jar;F:\maven\org\apache\shiro\shiro-crypto-hash\1.5.3\shiro-crypto-hash-1.5.3.jar;F:\maven\org\apache\shiro\shiro-crypto-core\1.5.3\shiro-crypto-core-1.5.3.jar;F:\maven\org\apache\shiro\shiro-crypto-cipher\1.5.3\shiro-crypto-cipher-1.5.3.jar;F:\maven\org\apache\shiro\shiro-config-core\1.5.3\shiro-config-core-1.5.3.jar;F:\maven\org\apache\shiro\shiro-config-ogdl\1.5.3\shiro-config-ogdl-1.5.3.jar;F:\maven\commons-beanutils\commons-beanutils\1.9.4\commons-beanutils-1.9.4.jar;F:\maven\commons-collections\commons-collections\3.2.2\commons-collections-3.2.2.jar;F:\maven\org\apache\shiro\shiro-event\1.5.3\shiro-event-1.5.3.jar;F:\maven\org\apache\shiro\shiro-web\1.5.3\shiro-web-1.5.3.jar;F:\maven\org\owasp\encoder\encoder\1.2.2\encoder-1.2.2.jar;F:\maven\org\springframework\boot\spring-boot-starter-test\2.4.0\spring-boot-starter-test-2.4.0.jar;F:\maven\org\springframework\boot\spring-boot-test\2.4.0\spring-boot-test-2.4.0.jar;F:\maven\org\springframework\boot\spring-boot-test-autoconfigure\2.4.0\spring-boot-test-autoconfigure-2.4.0.jar;F:\maven\com\jayway\jsonpath\json-path\2.4.0\json-path-2.4.0.jar;F:\maven\net\minidev\json-smart\2.3\json-smart-2.3.jar;F:\maven\net\minidev\accessors-smart\1.2\accessors-smart-1.2.jar;F:\maven\org\ow2\asm\asm\5.0.4\asm-5.0.4.jar;F:\maven\jakarta\xml\bind\jakarta.xml.bind-api\2.3.3\jakarta.xml.bind-api-2.3.3.jar;F:\maven\jakarta\activation\jakarta.activation-api\1.2.2\jakarta.activation-api-1.2.2.jar;F:\maven\org\assertj\assertj-core\3.18.1\assertj-core-3.18.1.jar;F:\maven\org\hamcrest\hamcrest\2.2\hamcrest-2.2.jar;F:\maven\org\junit\jupiter\junit-jupiter\5.7.0\junit-jupiter-5.7.0.jar;F:\maven\org\junit\jupiter\junit-jupiter-api\5.7.0\junit-jupiter-api-5.7.0.jar;F:\maven\org\apiguardian\apiguardian-api\1.1.0\apiguardian-api-1.1.0.jar;F:\maven\org\opentest4j\opentest4j\1.2.0\opentest4j-1.2.0.jar;F:\maven\org\junit\platform\junit-platform-commons\1.7.0\junit-platform-commons-1.7.0.jar;F:\maven\org\junit\jupiter\junit-jupiter-params\5.7.0\junit-jupiter-params-5.7.0.jar;F:\maven\org\junit\jupiter\junit-jupiter-engine\5.7.0\junit-jupiter-engine-5.7.0.jar;F:\maven\org\junit\platform\junit-platform-engine\1.7.0\junit-platform-engine-1.7.0.jar;F:\maven\org\mockito\mockito-core\3.6.0\mockito-core-3.6.0.jar;F:\maven\net\bytebuddy\byte-buddy\1.10.18\byte-buddy-1.10.18.jar;F:\maven\net\bytebuddy\byte-buddy-agent\1.10.18\byte-buddy-agent-1.10.18.jar;F:\maven\org\objenesis\objenesis\3.1\objenesis-3.1.jar;F:\maven\org\mockito\mockito-junit-jupiter\3.6.0\mockito-junit-jupiter-3.6.0.jar;F:\maven\org\skyscreamer\jsonassert\1.5.0\jsonassert-1.5.0.jar;F:\maven\com\vaadin\external\google\android-json\0.0.20131108.vaadin1\android-json-0.0.20131108.vaadin1.jar;F:\maven\org\springframework\spring-core\5.3.1\spring-core-5.3.1.jar;F:\maven\org\springframework\spring-jcl\5.3.1\spring-jcl-5.3.1.jar;F:\maven\org\springframework\spring-test\5.3.1\spring-test-5.3.1.jar;F:\maven\com\github\theborakompanioni\thymeleaf-extras-shiro\2.0.0\thymeleaf-extras-shiro-2.0.0.jar;F:\maven\mysql\mysql-connector-java\5.1.47\mysql-connector-java-5.1.47.jar;F:\maven\org\mybatis\mybatis\3.5.5\mybatis-3.5.5.jar;F:\maven\org\springframework\boot\spring-boot-starter-mail\2.4.0\spring-boot-starter-mail-2.4.0.jar;F:\maven\org\springframework\spring-context-support\5.3.1\spring-context-support-5.3.1.jar;F:\maven\com\sun\mail\jakarta.mail\1.6.5\jakarta.mail-1.6.5.jar;F:\maven\com\sun\activation\jakarta.activation\1.2.2\jakarta.activation-1.2.2.jar;F:\maven\org\springframework\boot\spring-boot-devtools\2.4.0\spring-boot-devtools-2.4.0.jar;F:\maven\org\springframework\boot\spring-boot\2.4.0\spring-boot-2.4.0.jar;F:\maven\org\springframework\boot\spring-boot-autoconfigure\2.4.0\spring-boot-autoconfigure-2.4.0.jar;F:\maven\org\mybatis\spring\boot\mybatis-spring-boot-starter\1.3.0\mybatis-spring-boot-starter-1.3.0.jar;F:\maven\org\springframework\boot\spring-boot-starter-jdbc\2.4.0\spring-boot-starter-jdbc-2.4.0.jar;F:\maven\com\zaxxer\HikariCP\3.4.5\HikariCP-3.4.5.jar;F:\maven\org\springframework\spring-jdbc\5.3.1\spring-jdbc-5.3.1.jar;F:\maven\org\springframework\spring-tx\5.3.1\spring-tx-5.3.1.jar;F:\maven\org\mybatis\spring\boot\mybatis-spring-boot-autoconfigure\1.3.0\mybatis-spring-boot-autoconfigure-1.3.0.jar;F:\maven\org\mybatis\mybatis-spring\1.3.1\mybatis-spring-1.3.1.jar;F:\maven\commons-fileupload\commons-fileupload\1.4\commons-fileupload-1.4.jar;F:\maven\commons-io\commons-io\2.2\commons-io-2.2.jar;F:\maven\org\xmlunit\xmlunit-core\2.7.0\xmlunit-core-2.7.0.jar;"/>
    <property name="java.vm.vendor" value="Oracle Corporation"/>
    <property name="sun.arch.data.model" value="64"/>
    <property name="user.variant" value=""/>
    <property name="java.vendor.url" value="http://java.oracle.com/"/>
    <property name="user.timezone" value="Asia/Shanghai"/>
    <property name="java.vm.specification.version" value="1.8"/>
    <property name="os.name" value="Windows 10"/>
    <property name="user.country" value="CN"/>
    <property name="sun.java.launcher" value="SUN_STANDARD"/>
    <property name="sun.boot.library.path" value="E:\Program Files\Java\jdk1.8.0_151\jre\bin"/>
    <property name="sun.java.command" value="C:\Users\23939\AppData\Local\Temp\surefire9038244344073991207\surefirebooter7132033302652196186.jar C:\Users\23939\AppData\Local\Temp\surefire9038244344073991207 2021-03-23T23-34-08_884-jvmRun1 surefire4631136188542067322tmp surefire_05037887490476022504tmp"/>
    <property name="surefire.test.class.path" value="F:\IdeaProjects\skynj\studying\target\test-classes;F:\IdeaProjects\skynj\studying\target\classes;F:\maven\org\springframework\boot\spring-boot-starter-thymeleaf\2.4.0\spring-boot-starter-thymeleaf-2.4.0.jar;F:\maven\org\springframework\boot\spring-boot-starter\2.4.0\spring-boot-starter-2.4.0.jar;F:\maven\org\springframework\boot\spring-boot-starter-logging\2.4.0\spring-boot-starter-logging-2.4.0.jar;F:\maven\ch\qos\logback\logback-classic\1.2.3\logback-classic-1.2.3.jar;F:\maven\ch\qos\logback\logback-core\1.2.3\logback-core-1.2.3.jar;F:\maven\org\apache\logging\log4j\log4j-to-slf4j\2.13.3\log4j-to-slf4j-2.13.3.jar;F:\maven\org\apache\logging\log4j\log4j-api\2.13.3\log4j-api-2.13.3.jar;F:\maven\org\slf4j\jul-to-slf4j\1.7.30\jul-to-slf4j-1.7.30.jar;F:\maven\jakarta\annotation\jakarta.annotation-api\1.3.5\jakarta.annotation-api-1.3.5.jar;F:\maven\org\yaml\snakeyaml\1.27\snakeyaml-1.27.jar;F:\maven\org\thymeleaf\thymeleaf-spring5\3.0.11.RELEASE\thymeleaf-spring5-3.0.11.RELEASE.jar;F:\maven\org\thymeleaf\thymeleaf\3.0.11.RELEASE\thymeleaf-3.0.11.RELEASE.jar;F:\maven\org\attoparser\attoparser\2.0.5.RELEASE\attoparser-2.0.5.RELEASE.jar;F:\maven\org\unbescape\unbescape\1.1.6.RELEASE\unbescape-1.1.6.RELEASE.jar;F:\maven\org\slf4j\slf4j-api\1.7.30\slf4j-api-1.7.30.jar;F:\maven\org\thymeleaf\extras\thymeleaf-extras-java8time\3.0.4.RELEASE\thymeleaf-extras-java8time-3.0.4.RELEASE.jar;F:\maven\org\springframework\boot\spring-boot-starter-web\2.4.0\spring-boot-starter-web-2.4.0.jar;F:\maven\org\springframework\boot\spring-boot-starter-json\2.4.0\spring-boot-starter-json-2.4.0.jar;F:\maven\com\fasterxml\jackson\core\jackson-databind\2.11.3\jackson-databind-2.11.3.jar;F:\maven\com\fasterxml\jackson\core\jackson-annotations\2.11.3\jackson-annotations-2.11.3.jar;F:\maven\com\fasterxml\jackson\core\jackson-core\2.11.3\jackson-core-2.11.3.jar;F:\maven\com\fasterxml\jackson\datatype\jackson-datatype-jdk8\2.11.3\jackson-datatype-jdk8-2.11.3.jar;F:\maven\com\fasterxml\jackson\datatype\jackson-datatype-jsr310\2.11.3\jackson-datatype-jsr310-2.11.3.jar;F:\maven\com\fasterxml\jackson\module\jackson-module-parameter-names\2.11.3\jackson-module-parameter-names-2.11.3.jar;F:\maven\org\springframework\boot\spring-boot-starter-tomcat\2.4.0\spring-boot-starter-tomcat-2.4.0.jar;F:\maven\org\apache\tomcat\embed\tomcat-embed-core\9.0.39\tomcat-embed-core-9.0.39.jar;F:\maven\org\glassfish\jakarta.el\3.0.3\jakarta.el-3.0.3.jar;F:\maven\org\apache\tomcat\embed\tomcat-embed-websocket\9.0.39\tomcat-embed-websocket-9.0.39.jar;F:\maven\org\springframework\spring-web\5.3.1\spring-web-5.3.1.jar;F:\maven\org\springframework\spring-beans\5.3.1\spring-beans-5.3.1.jar;F:\maven\org\springframework\spring-webmvc\5.3.1\spring-webmvc-5.3.1.jar;F:\maven\org\springframework\spring-aop\5.3.1\spring-aop-5.3.1.jar;F:\maven\org\springframework\spring-context\5.3.1\spring-context-5.3.1.jar;F:\maven\org\springframework\spring-expression\5.3.1\spring-expression-5.3.1.jar;F:\maven\org\projectlombok\lombok\1.18.16\lombok-1.18.16.jar;F:\maven\org\apache\shiro\shiro-spring\1.5.3\shiro-spring-1.5.3.jar;F:\maven\org\apache\shiro\shiro-core\1.5.3\shiro-core-1.5.3.jar;F:\maven\org\apache\shiro\shiro-lang\1.5.3\shiro-lang-1.5.3.jar;F:\maven\org\apache\shiro\shiro-cache\1.5.3\shiro-cache-1.5.3.jar;F:\maven\org\apache\shiro\shiro-crypto-hash\1.5.3\shiro-crypto-hash-1.5.3.jar;F:\maven\org\apache\shiro\shiro-crypto-core\1.5.3\shiro-crypto-core-1.5.3.jar;F:\maven\org\apache\shiro\shiro-crypto-cipher\1.5.3\shiro-crypto-cipher-1.5.3.jar;F:\maven\org\apache\shiro\shiro-config-core\1.5.3\shiro-config-core-1.5.3.jar;F:\maven\org\apache\shiro\shiro-config-ogdl\1.5.3\shiro-config-ogdl-1.5.3.jar;F:\maven\commons-beanutils\commons-beanutils\1.9.4\commons-beanutils-1.9.4.jar;F:\maven\commons-collections\commons-collections\3.2.2\commons-collections-3.2.2.jar;F:\maven\org\apache\shiro\shiro-event\1.5.3\shiro-event-1.5.3.jar;F:\maven\org\apache\shiro\shiro-web\1.5.3\shiro-web-1.5.3.jar;F:\maven\org\owasp\encoder\encoder\1.2.2\encoder-1.2.2.jar;F:\maven\org\springframework\boot\spring-boot-starter-test\2.4.0\spring-boot-starter-test-2.4.0.jar;F:\maven\org\springframework\boot\spring-boot-test\2.4.0\spring-boot-test-2.4.0.jar;F:\maven\org\springframework\boot\spring-boot-test-autoconfigure\2.4.0\spring-boot-test-autoconfigure-2.4.0.jar;F:\maven\com\jayway\jsonpath\json-path\2.4.0\json-path-2.4.0.jar;F:\maven\net\minidev\json-smart\2.3\json-smart-2.3.jar;F:\maven\net\minidev\accessors-smart\1.2\accessors-smart-1.2.jar;F:\maven\org\ow2\asm\asm\5.0.4\asm-5.0.4.jar;F:\maven\jakarta\xml\bind\jakarta.xml.bind-api\2.3.3\jakarta.xml.bind-api-2.3.3.jar;F:\maven\jakarta\activation\jakarta.activation-api\1.2.2\jakarta.activation-api-1.2.2.jar;F:\maven\org\assertj\assertj-core\3.18.1\assertj-core-3.18.1.jar;F:\maven\org\hamcrest\hamcrest\2.2\hamcrest-2.2.jar;F:\maven\org\junit\jupiter\junit-jupiter\5.7.0\junit-jupiter-5.7.0.jar;F:\maven\org\junit\jupiter\junit-jupiter-api\5.7.0\junit-jupiter-api-5.7.0.jar;F:\maven\org\apiguardian\apiguardian-api\1.1.0\apiguardian-api-1.1.0.jar;F:\maven\org\opentest4j\opentest4j\1.2.0\opentest4j-1.2.0.jar;F:\maven\org\junit\platform\junit-platform-commons\1.7.0\junit-platform-commons-1.7.0.jar;F:\maven\org\junit\jupiter\junit-jupiter-params\5.7.0\junit-jupiter-params-5.7.0.jar;F:\maven\org\junit\jupiter\junit-jupiter-engine\5.7.0\junit-jupiter-engine-5.7.0.jar;F:\maven\org\junit\platform\junit-platform-engine\1.7.0\junit-platform-engine-1.7.0.jar;F:\maven\org\mockito\mockito-core\3.6.0\mockito-core-3.6.0.jar;F:\maven\net\bytebuddy\byte-buddy\1.10.18\byte-buddy-1.10.18.jar;F:\maven\net\bytebuddy\byte-buddy-agent\1.10.18\byte-buddy-agent-1.10.18.jar;F:\maven\org\objenesis\objenesis\3.1\objenesis-3.1.jar;F:\maven\org\mockito\mockito-junit-jupiter\3.6.0\mockito-junit-jupiter-3.6.0.jar;F:\maven\org\skyscreamer\jsonassert\1.5.0\jsonassert-1.5.0.jar;F:\maven\com\vaadin\external\google\android-json\0.0.20131108.vaadin1\android-json-0.0.20131108.vaadin1.jar;F:\maven\org\springframework\spring-core\5.3.1\spring-core-5.3.1.jar;F:\maven\org\springframework\spring-jcl\5.3.1\spring-jcl-5.3.1.jar;F:\maven\org\springframework\spring-test\5.3.1\spring-test-5.3.1.jar;F:\maven\com\github\theborakompanioni\thymeleaf-extras-shiro\2.0.0\thymeleaf-extras-shiro-2.0.0.jar;F:\maven\mysql\mysql-connector-java\5.1.47\mysql-connector-java-5.1.47.jar;F:\maven\org\mybatis\mybatis\3.5.5\mybatis-3.5.5.jar;F:\maven\org\springframework\boot\spring-boot-starter-mail\2.4.0\spring-boot-starter-mail-2.4.0.jar;F:\maven\org\springframework\spring-context-support\5.3.1\spring-context-support-5.3.1.jar;F:\maven\com\sun\mail\jakarta.mail\1.6.5\jakarta.mail-1.6.5.jar;F:\maven\com\sun\activation\jakarta.activation\1.2.2\jakarta.activation-1.2.2.jar;F:\maven\org\springframework\boot\spring-boot-devtools\2.4.0\spring-boot-devtools-2.4.0.jar;F:\maven\org\springframework\boot\spring-boot\2.4.0\spring-boot-2.4.0.jar;F:\maven\org\springframework\boot\spring-boot-autoconfigure\2.4.0\spring-boot-autoconfigure-2.4.0.jar;F:\maven\org\mybatis\spring\boot\mybatis-spring-boot-starter\1.3.0\mybatis-spring-boot-starter-1.3.0.jar;F:\maven\org\springframework\boot\spring-boot-starter-jdbc\2.4.0\spring-boot-starter-jdbc-2.4.0.jar;F:\maven\com\zaxxer\HikariCP\3.4.5\HikariCP-3.4.5.jar;F:\maven\org\springframework\spring-jdbc\5.3.1\spring-jdbc-5.3.1.jar;F:\maven\org\springframework\spring-tx\5.3.1\spring-tx-5.3.1.jar;F:\maven\org\mybatis\spring\boot\mybatis-spring-boot-autoconfigure\1.3.0\mybatis-spring-boot-autoconfigure-1.3.0.jar;F:\maven\org\mybatis\mybatis-spring\1.3.1\mybatis-spring-1.3.1.jar;F:\maven\commons-fileupload\commons-fileupload\1.4\commons-fileupload-1.4.jar;F:\maven\commons-io\commons-io\2.2\commons-io-2.2.jar;F:\maven\org\xmlunit\xmlunit-core\2.7.0\xmlunit-core-2.7.0.jar;"/>
    <property name="sun.cpu.endian" value="little"/>
    <property name="user.home" value="C:\Users\23939"/>
    <property name="user.language" value="zh"/>
    <property name="java.specification.vendor" value="Oracle Corporation"/>
    <property name="java.home" value="E:\Program Files\Java\jdk1.8.0_151\jre"/>
    <property name="basedir" value="F:\IdeaProjects\skynj\studying"/>
    <property name="file.separator" value="\"/>
    <property name="line.separator" value="&#10;"/>
    <property name="java.vm.specification.vendor" value="Oracle Corporation"/>
    <property name="java.specification.name" value="Java Platform API Specification"/>
    <property name="java.awt.graphicsenv" value="sun.awt.Win32GraphicsEnvironment"/>
    <property name="surefire.real.class.path" value="C:\Users\23939\AppData\Local\Temp\surefire9038244344073991207\surefirebooter7132033302652196186.jar"/>
    <property name="sun.boot.class.path" value="E:\Program Files\Java\jdk1.8.0_151\jre\lib\resources.jar;E:\Program Files\Java\jdk1.8.0_151\jre\lib\rt.jar;E:\Program Files\Java\jdk1.8.0_151\jre\lib\sunrsasign.jar;E:\Program Files\Java\jdk1.8.0_151\jre\lib\jsse.jar;E:\Program Files\Java\jdk1.8.0_151\jre\lib\jce.jar;E:\Program Files\Java\jdk1.8.0_151\jre\lib\charsets.jar;E:\Program Files\Java\jdk1.8.0_151\jre\lib\jfr.jar;E:\Program Files\Java\jdk1.8.0_151\jre\classes"/>
    <property name="user.script" value=""/>
    <property name="sun.management.compiler" value="HotSpot 64-Bit Tiered Compilers"/>
    <property name="java.runtime.version" value="1.8.0_151-b12"/>
    <property name="user.name" value="23939"/>
    <property name="path.separator" value=";"/>
    <property name="os.version" value="10.0"/>
    <property name="java.endorsed.dirs" value="E:\Program Files\Java\jdk1.8.0_151\jre\lib\endorsed"/>
    <property name="java.runtime.name" value="Java(TM) SE Runtime Environment"/>
    <property name="file.encoding" value="GBK"/>
    <property name="java.vm.name" value="Java HotSpot(TM) 64-Bit Server VM"/>
    <property name="localRepository" value="F:\maven"/>
    <property name="java.vendor.url.bug" value="http://bugreport.sun.com/bugreport/"/>
    <property name="java.io.tmpdir" value="C:\Users\23939\AppData\Local\Temp\"/>
    <property name="idea.version" value="2020.2.1"/>
    <property name="java.version" value="1.8.0_151"/>
    <property name="user.dir" value="F:\IdeaProjects\skynj\studying"/>
    <property name="os.arch" value="amd64"/>
    <property name="java.vm.specification.name" value="Java Virtual Machine Specification"/>
    <property name="java.awt.printerjob" value="sun.awt.windows.WPrinterJob"/>
    <property name="sun.os.patch.level" value=""/>
    <property name="java.library.path" value="E:\Program Files\Java\jdk1.8.0_151\jre\bin;C:\Windows\Sun\Java\bin;C:\Windows\system32;C:\Windows;C:\ProgramData\Oracle\Java\javapath;C:\Program Files (x86)\Windows Kits\8.1\Windows Performance Toolkit\;C:\Program Files\Microsoft SQL Server\110\Tools\Binn\;C:\Program Files (x86)\Microsoft SDKs\TypeScript\1.0\;C:\Program Files\Microsoft SQL Server\120\Tools\Binn\;E:\Program Files\Java\jdk1.8.0_151\bin;C:\Program Files\MySQL\MySQL Server 8.0\bin;E:\Python;E:\maven\apache-maven-3.3.9\apache-maven-3.3.9;E:\stu_app\Git\cmd;E:\Python\Scripts\;E:\Python\;C:\Users\23939\AppData\Local\Microsoft\WindowsApps;;E:\Program Files\JetBrains\PyCharm 2020.2.2\bin;;."/>
    <property name="java.vm.info" value="mixed mode"/>
    <property name="java.vendor" value="Oracle Corporation"/>
    <property name="java.vm.version" value="25.151-b12"/>
    <property name="java.ext.dirs" value="E:\Program Files\Java\jdk1.8.0_151\jre\lib\ext;C:\Windows\Sun\Java\lib\ext"/>
    <property name="sun.io.unicode.encoding" value="UnicodeLittle"/>
    <property name="maven.repo.local" value="F:\maven"/>
    <property name="java.class.version" value="52.0"/>
  </properties>
  <testcase name="ce" classname="com.sky.studying.StudyingApplicationTests" time="0.285"/>
</testsuite>